<?xml version="1.0" encoding="UTF-8"?>
<coverage generated="1608223180">
  <project timestamp="1608223180">
    <file name="/home/dominik/PhpstormProjects/QrPaymentCZ/src/QrPayment.php">
      <class name="rikudou\CzQrPayment\QrPayment" namespace="global">
        <metrics complexity="41" methods="18" coveredmethods="16" conditionals="0" coveredconditionals="0" statements="85" coveredstatements="81" elements="103" coveredelements="97"/>
      </class>
      <line num="53" type="method" name="__construct" visibility="public" complexity="2" crap="2" count="18"/>
      <line num="55" type="stmt" count="18"/>
      <line num="56" type="stmt" count="18"/>
      <line num="58" type="stmt" count="18"/>
      <line num="59" type="stmt" count="1"/>
      <line num="61" type="stmt" count="18"/>
      <line num="73" type="method" name="setOptions" visibility="public" complexity="3" crap="3" count="1"/>
      <line num="75" type="stmt" count="1"/>
      <line num="76" type="stmt" count="1"/>
      <line num="77" type="stmt" count="1"/>
      <line num="81" type="stmt" count="1"/>
      <line num="82" type="stmt" count="1"/>
      <line num="90" type="method" name="getIBAN" visibility="public" complexity="4" crap="4" count="17"/>
      <line num="92" type="stmt" count="17"/>
      <line num="93" type="stmt" count="17"/>
      <line num="94" type="stmt" count="2"/>
      <line num="96" type="stmt" count="16"/>
      <line num="98" type="stmt" count="16"/>
      <line num="99" type="stmt" count="16"/>
      <line num="101" type="stmt" count="16"/>
      <line num="102" type="stmt" count="16"/>
      <line num="103" type="stmt" count="16"/>
      <line num="104" type="stmt" count="1"/>
      <line num="105" type="stmt" count="1"/>
      <line num="106" type="stmt" count="1"/>
      <line num="109" type="stmt" count="16"/>
      <line num="111" type="stmt" count="16"/>
      <line num="112" type="stmt" count="16"/>
      <line num="113" type="stmt" count="16"/>
      <line num="116" type="stmt" count="16"/>
      <line num="117" type="stmt" count="16"/>
      <line num="128" type="method" name="getQrString" visibility="public" complexity="8" crap="8" count="15"/>
      <line num="130" type="stmt" count="15"/>
      <line num="132" type="stmt" count="15"/>
      <line num="133" type="stmt" count="15"/>
      <line num="134" type="stmt" count="15"/>
      <line num="135" type="stmt" count="15"/>
      <line num="137" type="stmt" count="15"/>
      <line num="138" type="stmt" count="15"/>
      <line num="140" type="stmt" count="15"/>
      <line num="141" type="stmt" count="2"/>
      <line num="143" type="stmt" count="15"/>
      <line num="144" type="stmt" count="2"/>
      <line num="146" type="stmt" count="15"/>
      <line num="147" type="stmt" count="2"/>
      <line num="149" type="stmt" count="15"/>
      <line num="150" type="stmt" count="2"/>
      <line num="152" type="stmt" count="15"/>
      <line num="153" type="stmt" count="2"/>
      <line num="155" type="stmt" count="15"/>
      <line num="156" type="stmt" count="2"/>
      <line num="159" type="stmt" count="13"/>
      <line num="169" type="method" name="getDueDate" visibility="protected" complexity="6" crap="6" count="15"/>
      <line num="171" type="stmt" count="15"/>
      <line num="172" type="stmt" count="11"/>
      <line num="175" type="stmt" count="4"/>
      <line num="176" type="stmt" count="2"/>
      <line num="179" type="stmt" count="2"/>
      <line num="187" type="method" name="checkProperties" visibility="protected" complexity="4" crap="4.25" count="17"/>
      <line num="189" type="stmt" count="17"/>
      <line num="190" type="stmt" count="17"/>
      <line num="191" type="stmt" count="0"/>
      <line num="194" type="stmt" count="17"/>
      <line num="204" type="method" name="getQrImage" visibility="public" complexity="3" crap="4.94" count="1"/>
      <line num="206" type="stmt" count="1"/>
      <line num="207" type="stmt" count="1"/>
      <line num="210" type="stmt" count="0"/>
      <line num="211" type="stmt" count="0"/>
      <line num="214" type="stmt" count="0"/>
      <line num="223" type="method" name="fromIBAN" visibility="public" complexity="1" crap="1" count="1"/>
      <line num="225" type="stmt" count="1"/>
      <line num="226" type="stmt" count="1"/>
      <line num="227" type="stmt" count="1"/>
      <line num="234" type="method" name="setVariableSymbol" visibility="public" complexity="1" crap="1" count="1"/>
      <line num="236" type="stmt" count="1"/>
      <line num="237" type="stmt" count="1"/>
      <line num="244" type="method" name="setSpecificSymbol" visibility="public" complexity="1" crap="1" count="1"/>
      <line num="246" type="stmt" count="1"/>
      <line num="247" type="stmt" count="1"/>
      <line num="254" type="method" name="setConstantSymbol" visibility="public" complexity="1" crap="1" count="1"/>
      <line num="256" type="stmt" count="1"/>
      <line num="257" type="stmt" count="1"/>
      <line num="264" type="method" name="setCurrency" visibility="public" complexity="1" crap="1" count="1"/>
      <line num="266" type="stmt" count="1"/>
      <line num="267" type="stmt" count="1"/>
      <line num="274" type="method" name="setComment" visibility="public" complexity="1" crap="1" count="1"/>
      <line num="276" type="stmt" count="1"/>
      <line num="277" type="stmt" count="1"/>
      <line num="284" type="method" name="setRepeat" visibility="public" complexity="1" crap="1" count="1"/>
      <line num="286" type="stmt" count="1"/>
      <line num="287" type="stmt" count="1"/>
      <line num="294" type="method" name="setInternalId" visibility="public" complexity="1" crap="1" count="1"/>
      <line num="296" type="stmt" count="1"/>
      <line num="297" type="stmt" count="1"/>
      <line num="304" type="method" name="setDueDate" visibility="public" complexity="1" crap="1" count="3"/>
      <line num="306" type="stmt" count="3"/>
      <line num="307" type="stmt" count="3"/>
      <line num="314" type="method" name="setAmount" visibility="public" complexity="1" crap="1" count="1"/>
      <line num="316" type="stmt" count="1"/>
      <line num="317" type="stmt" count="1"/>
      <line num="324" type="method" name="setCountry" visibility="public" complexity="1" crap="1" count="1"/>
      <line num="326" type="stmt" count="1"/>
      <line num="327" type="stmt" count="1"/>
      <metrics loc="330" ncloc="213" classes="1" methods="18" coveredmethods="16" conditionals="0" coveredconditionals="0" statements="85" coveredstatements="81" elements="103" coveredelements="97"/>
    </file>
    <file name="/home/dominik/PhpstormProjects/QrPaymentCZ/src/QrPaymentException.php">
      <class name="rikudou\CzQrPayment\QrPaymentException" namespace="global">
        <metrics complexity="0" methods="0" coveredmethods="0" conditionals="0" coveredconditionals="0" statements="0" coveredstatements="0" elements="0" coveredelements="0"/>
      </class>
      <line num="10" type="stmt" count="1"/>
      <metrics loc="9" ncloc="9" classes="0" methods="0" coveredmethods="0" conditionals="0" coveredconditionals="0" statements="0" coveredstatements="0" elements="0" coveredelements="0"/>
    </file>
    <file name="/home/dominik/PhpstormProjects/QrPaymentCZ/src/QrPaymentOptions.php">
      <class name="rikudou\CzQrPayment\QrPaymentOptions" namespace="global">
        <metrics complexity="0" methods="0" coveredmethods="0" conditionals="0" coveredconditionals="0" statements="0" coveredstatements="0" elements="0" coveredelements="0"/>
      </class>
      <line num="19" type="stmt" count="1"/>
      <metrics loc="18" ncloc="18" classes="0" methods="0" coveredmethods="0" conditionals="0" coveredconditionals="0" statements="0" coveredstatements="0" elements="0" coveredelements="0"/>
    </file>
    <metrics files="3" loc="357" ncloc="240" classes="1" methods="18" coveredmethods="16" conditionals="0" coveredconditionals="0" statements="85" coveredstatements="81" elements="103" coveredelements="97"/>
  </project>
</coverage>
